  File.cpp
GameLib.lib(MemoryManager.obj) : error LNK2038: '_ITERATOR_DEBUG_LEVEL' の不一致が検出されました。値 '0' が 2 の値 'File.obj' と一致しません。
GameLib.lib(MemoryManager.obj) : error LNK2038: 'RuntimeLibrary' の不一致が検出されました。値 'MT_StaticRelease' が MTd_StaticDebug の値 'File.obj' と一致しません。
GameLib.lib(Framework.obj) : error LNK2038: '_ITERATOR_DEBUG_LEVEL' の不一致が検出されました。値 '0' が 2 の値 'File.obj' と一致しません。
GameLib.lib(Framework.obj) : error LNK2038: 'RuntimeLibrary' の不一致が検出されました。値 'MT_StaticRelease' が MTd_StaticDebug の値 'File.obj' と一致しません。
GameLib.lib(DebugStream.obj) : error LNK2038: '_ITERATOR_DEBUG_LEVEL' の不一致が検出されました。値 '0' が 2 の値 'File.obj' と一致しません。
GameLib.lib(DebugStream.obj) : error LNK2038: 'RuntimeLibrary' の不一致が検出されました。値 'MT_StaticRelease' が MTd_StaticDebug の値 'File.obj' と一致しません。
GameLib.lib(Halt.obj) : error LNK2038: '_ITERATOR_DEBUG_LEVEL' の不一致が検出されました。値 '0' が 2 の値 'File.obj' と一致しません。
GameLib.lib(Halt.obj) : error LNK2038: 'RuntimeLibrary' の不一致が検出されました。値 'MT_StaticRelease' が MTd_StaticDebug の値 'File.obj' と一致しません。
GameLib.lib(Mouse.obj) : error LNK2038: '_ITERATOR_DEBUG_LEVEL' の不一致が検出されました。値 '0' が 2 の値 'File.obj' と一致しません。
GameLib.lib(Mouse.obj) : error LNK2038: 'RuntimeLibrary' の不一致が検出されました。値 'MT_StaticRelease' が MTd_StaticDebug の値 'File.obj' と一致しません。
GameLib.lib(InputManaegr.obj) : error LNK2038: '_ITERATOR_DEBUG_LEVEL' の不一致が検出されました。値 '0' が 2 の値 'File.obj' と一致しません。
GameLib.lib(InputManaegr.obj) : error LNK2038: 'RuntimeLibrary' の不一致が検出されました。値 'MT_StaticRelease' が MTd_StaticDebug の値 'File.obj' と一致しません。
GameLib.lib(WindowCreator.obj) : error LNK2038: '_ITERATOR_DEBUG_LEVEL' の不一致が検出されました。値 '0' が 2 の値 'File.obj' と一致しません。
GameLib.lib(WindowCreator.obj) : error LNK2038: 'RuntimeLibrary' の不一致が検出されました。値 'MT_StaticRelease' が MTd_StaticDebug の値 'File.obj' と一致しません。
GameLib.lib(StringRenderer.obj) : error LNK2038: '_ITERATOR_DEBUG_LEVEL' の不一致が検出されました。値 '0' が 2 の値 'File.obj' と一致しません。
GameLib.lib(StringRenderer.obj) : error LNK2038: 'RuntimeLibrary' の不一致が検出されました。値 'MT_StaticRelease' が MTd_StaticDebug の値 'File.obj' と一致しません。
GameLib.lib(Font.obj) : error LNK2038: '_ITERATOR_DEBUG_LEVEL' の不一致が検出されました。値 '0' が 2 の値 'File.obj' と一致しません。
GameLib.lib(Font.obj) : error LNK2038: 'RuntimeLibrary' の不一致が検出されました。値 'MT_StaticRelease' が MTd_StaticDebug の値 'File.obj' と一致しません。
GameLib.lib(Texture.obj) : error LNK2038: '_ITERATOR_DEBUG_LEVEL' の不一致が検出されました。値 '0' が 2 の値 'File.obj' と一致しません。
GameLib.lib(Texture.obj) : error LNK2038: 'RuntimeLibrary' の不一致が検出されました。値 'MT_StaticRelease' が MTd_StaticDebug の値 'File.obj' と一致しません。
GameLib.lib(GraphicsManager.obj) : error LNK2038: '_ITERATOR_DEBUG_LEVEL' の不一致が検出されました。値 '0' が 2 の値 'File.obj' と一致しません。
GameLib.lib(GraphicsManager.obj) : error LNK2038: 'RuntimeLibrary' の不一致が検出されました。値 'MT_StaticRelease' が MTd_StaticDebug の値 'File.obj' と一致しません。
GameLib.lib(ThreadingManager.obj) : error LNK2038: '_ITERATOR_DEBUG_LEVEL' の不一致が検出されました。値 '0' が 2 の値 'File.obj' と一致しません。
GameLib.lib(ThreadingManager.obj) : error LNK2038: 'RuntimeLibrary' の不一致が検出されました。値 'MT_StaticRelease' が MTd_StaticDebug の値 'File.obj' と一致しません。
GameLib.lib(ThreadingFunctions.obj) : error LNK2038: '_ITERATOR_DEBUG_LEVEL' の不一致が検出されました。値 '0' が 2 の値 'File.obj' と一致しません。
GameLib.lib(ThreadingFunctions.obj) : error LNK2038: 'RuntimeLibrary' の不一致が検出されました。値 'MT_StaticRelease' が MTd_StaticDebug の値 'File.obj' と一致しません。
GameLib.lib(SoundManager.obj) : error LNK2038: '_ITERATOR_DEBUG_LEVEL' の不一致が検出されました。値 '0' が 2 の値 'File.obj' と一致しません。
GameLib.lib(SoundManager.obj) : error LNK2038: 'RuntimeLibrary' の不一致が検出されました。値 'MT_StaticRelease' が MTd_StaticDebug の値 'File.obj' と一致しません。
GameLib.lib(vector2.obj) : error LNK2038: '_ITERATOR_DEBUG_LEVEL' の不一致が検出されました。値 '0' が 2 の値 'File.obj' と一致しません。
GameLib.lib(vector2.obj) : error LNK2038: 'RuntimeLibrary' の不一致が検出されました。値 'MT_StaticRelease' が MTd_StaticDebug の値 'File.obj' と一致しません。
GameLib.lib(Random.obj) : error LNK2038: '_ITERATOR_DEBUG_LEVEL' の不一致が検出されました。値 '0' が 2 の値 'File.obj' と一致しません。
GameLib.lib(Random.obj) : error LNK2038: 'RuntimeLibrary' の不一致が検出されました。値 'MT_StaticRelease' が MTd_StaticDebug の値 'File.obj' と一致しません。
GameLib.lib(FileIOManager.obj) : error LNK2038: '_ITERATOR_DEBUG_LEVEL' の不一致が検出されました。値 '0' が 2 の値 'File.obj' と一致しません。
GameLib.lib(FileIOManager.obj) : error LNK2038: 'RuntimeLibrary' の不一致が検出されました。値 'MT_StaticRelease' が MTd_StaticDebug の値 'File.obj' と一致しません。
GameLib.lib(Mutex.obj) : error LNK2038: '_ITERATOR_DEBUG_LEVEL' の不一致が検出されました。値 '0' が 2 の値 'File.obj' と一致しません。
GameLib.lib(Mutex.obj) : error LNK2038: 'RuntimeLibrary' の不一致が検出されました。値 'MT_StaticRelease' が MTd_StaticDebug の値 'File.obj' と一致しません。
GameLib.lib(RefString.obj) : error LNK2038: '_ITERATOR_DEBUG_LEVEL' の不一致が検出されました。値 '0' が 2 の値 'File.obj' と一致しません。
GameLib.lib(RefString.obj) : error LNK2038: 'RuntimeLibrary' の不一致が検出されました。値 'MT_StaticRelease' が MTd_StaticDebug の値 'File.obj' と一致しません。
GameLib.lib(OStringStream.obj) : error LNK2038: '_ITERATOR_DEBUG_LEVEL' の不一致が検出されました。値 '0' が 2 の値 'File.obj' と一致しません。
GameLib.lib(OStringStream.obj) : error LNK2038: 'RuntimeLibrary' の不一致が検出されました。値 'MT_StaticRelease' が MTd_StaticDebug の値 'File.obj' と一致しません。
GameLib.lib(Joystick.obj) : error LNK2038: '_ITERATOR_DEBUG_LEVEL' の不一致が検出されました。値 '0' が 2 の値 'File.obj' と一致しません。
GameLib.lib(Joystick.obj) : error LNK2038: 'RuntimeLibrary' の不一致が検出されました。値 'MT_StaticRelease' が MTd_StaticDebug の値 'File.obj' と一致しません。
GameLib.lib(PrimitiveRenderer.obj) : error LNK2038: '_ITERATOR_DEBUG_LEVEL' の不一致が検出されました。値 '0' が 2 の値 'File.obj' と一致しません。
GameLib.lib(PrimitiveRenderer.obj) : error LNK2038: 'RuntimeLibrary' の不一致が検出されました。値 'MT_StaticRelease' が MTd_StaticDebug の値 'File.obj' と一致しません。
GameLib.lib(Vector3.obj) : error LNK2038: '_ITERATOR_DEBUG_LEVEL' の不一致が検出されました。値 '0' が 2 の値 'File.obj' と一致しません。
GameLib.lib(Vector3.obj) : error LNK2038: 'RuntimeLibrary' の不一致が検出されました。値 'MT_StaticRelease' が MTd_StaticDebug の値 'File.obj' と一致しません。
GameLib.lib(InFile.obj) : error LNK2038: '_ITERATOR_DEBUG_LEVEL' の不一致が検出されました。値 '0' が 2 の値 'File.obj' と一致しません。
GameLib.lib(InFile.obj) : error LNK2038: 'RuntimeLibrary' の不一致が検出されました。値 'MT_StaticRelease' が MTd_StaticDebug の値 'File.obj' と一致しません。
GameLib.lib(Element.obj) : error LNK2038: '_ITERATOR_DEBUG_LEVEL' の不一致が検出されました。値 '0' が 2 の値 'File.obj' と一致しません。
GameLib.lib(Element.obj) : error LNK2038: 'RuntimeLibrary' の不一致が検出されました。値 'MT_StaticRelease' が MTd_StaticDebug の値 'File.obj' と一致しません。
GameLib.lib(Attribute.obj) : error LNK2038: '_ITERATOR_DEBUG_LEVEL' の不一致が検出されました。値 '0' が 2 の値 'File.obj' と一致しません。
GameLib.lib(Attribute.obj) : error LNK2038: 'RuntimeLibrary' の不一致が検出されました。値 'MT_StaticRelease' が MTd_StaticDebug の値 'File.obj' と一致しません。
GameLib.lib(VertexBuffer.obj) : error LNK2038: '_ITERATOR_DEBUG_LEVEL' の不一致が検出されました。値 '0' が 2 の値 'File.obj' と一致しません。
GameLib.lib(VertexBuffer.obj) : error LNK2038: 'RuntimeLibrary' の不一致が検出されました。値 'MT_StaticRelease' が MTd_StaticDebug の値 'File.obj' と一致しません。
GameLib.lib(IndexBuffer.obj) : error LNK2038: '_ITERATOR_DEBUG_LEVEL' の不一致が検出されました。値 '0' が 2 の値 'File.obj' と一致しません。
GameLib.lib(IndexBuffer.obj) : error LNK2038: 'RuntimeLibrary' の不一致が検出されました。値 'MT_StaticRelease' が MTd_StaticDebug の値 'File.obj' と一致しません。
GameLib.lib(Matrix34.obj) : error LNK2038: '_ITERATOR_DEBUG_LEVEL' の不一致が検出されました。値 '0' が 2 の値 'File.obj' と一致しません。
GameLib.lib(Matrix34.obj) : error LNK2038: 'RuntimeLibrary' の不一致が検出されました。値 'MT_StaticRelease' が MTd_StaticDebug の値 'File.obj' と一致しません。
GameLib.lib(MathFunctions.obj) : error LNK2038: '_ITERATOR_DEBUG_LEVEL' の不一致が検出されました。値 '0' が 2 の値 'File.obj' と一致しません。
GameLib.lib(MathFunctions.obj) : error LNK2038: 'RuntimeLibrary' の不一致が検出されました。値 'MT_StaticRelease' が MTd_StaticDebug の値 'File.obj' と一致しません。
GameLib.lib(Vector4.obj) : error LNK2038: '_ITERATOR_DEBUG_LEVEL' の不一致が検出されました。値 '0' が 2 の値 'File.obj' と一致しません。
GameLib.lib(Vector4.obj) : error LNK2038: 'RuntimeLibrary' の不一致が検出されました。値 'MT_StaticRelease' が MTd_StaticDebug の値 'File.obj' と一致しません。
GameLib.lib(Matrix44.obj) : error LNK2038: '_ITERATOR_DEBUG_LEVEL' の不一致が検出されました。値 '0' が 2 の値 'File.obj' と一致しません。
GameLib.lib(Matrix44.obj) : error LNK2038: 'RuntimeLibrary' の不一致が検出されました。値 'MT_StaticRelease' が MTd_StaticDebug の値 'File.obj' と一致しません。
GameLib.lib(Event.obj) : error LNK2038: '_ITERATOR_DEBUG_LEVEL' の不一致が検出されました。値 '0' が 2 の値 'File.obj' と一致しません。
GameLib.lib(Event.obj) : error LNK2038: 'RuntimeLibrary' の不一致が検出されました。値 'MT_StaticRelease' が MTd_StaticDebug の値 'File.obj' と一致しません。
GameLib.lib(Semaphore.obj) : error LNK2038: '_ITERATOR_DEBUG_LEVEL' の不一致が検出されました。値 '0' が 2 の値 'File.obj' と一致しません。
GameLib.lib(Semaphore.obj) : error LNK2038: 'RuntimeLibrary' の不一致が検出されました。値 'MT_StaticRelease' が MTd_StaticDebug の値 'File.obj' と一致しません。
GameLib.lib(Thread.obj) : error LNK2038: '_ITERATOR_DEBUG_LEVEL' の不一致が検出されました。値 '0' が 2 の値 'File.obj' と一致しません。
GameLib.lib(Thread.obj) : error LNK2038: 'RuntimeLibrary' の不一致が検出されました。値 'MT_StaticRelease' が MTd_StaticDebug の値 'File.obj' と一致しません。
GameLib.lib(Compressor.obj) : error LNK2038: '_ITERATOR_DEBUG_LEVEL' の不一致が検出されました。値 '0' が 2 の値 'File.obj' と一致しません。
GameLib.lib(Compressor.obj) : error LNK2038: 'RuntimeLibrary' の不一致が検出されました。値 'MT_StaticRelease' が MTd_StaticDebug の値 'File.obj' と一致しません。
GameLib.lib(DocumentImpl.obj) : error LNK2038: '_ITERATOR_DEBUG_LEVEL' の不一致が検出されました。値 '0' が 2 の値 'File.obj' と一致しません。
GameLib.lib(DocumentImpl.obj) : error LNK2038: 'RuntimeLibrary' の不一致が検出されました。値 'MT_StaticRelease' が MTd_StaticDebug の値 'File.obj' と一致しません。
GameLib.lib(Tag.obj) : error LNK2038: '_ITERATOR_DEBUG_LEVEL' の不一致が検出されました。値 '0' が 2 の値 'File.obj' と一致しません。
GameLib.lib(Tag.obj) : error LNK2038: 'RuntimeLibrary' の不一致が検出されました。値 'MT_StaticRelease' が MTd_StaticDebug の値 'File.obj' と一致しません。
LINK : warning LNK4098: defaultlib 'LIBCMT' は他のライブラリの使用と競合しています。/NODEFAULTLIB:library を使用してください。
C:\Users\a_nag\Documents\C++勉強\Procon\Release\Procon.exe : fatal error LNK1319: 76 の不一致が検出されました
