C:\USERS\A_NAG\DOCUMENTS\C++勉強\PROCON\PROCON\RELEASE\TITLE.OBJ
C:\USERS\A_NAG\DOCUMENTS\C++勉強\PROCON\PROCON\RELEASE\SMAIN.OBJ
C:\USERS\A_NAG\DOCUMENTS\C++勉強\PROCON\PROCON\RELEASE\GRANDPARENT.OBJ
C:\USERS\A_NAG\DOCUMENTS\C++勉強\PROCON\PROCON\RELEASE\STATICOBJECT.OBJ
C:\USERS\A_NAG\DOCUMENTS\C++勉強\PROCON\PROCON\RELEASE\DYNAMICOBJECT.OBJ
C:\USERS\A_NAG\DOCUMENTS\C++勉強\PROCON\PROCON\RELEASE\MAIN.OBJ
C:\USERS\A_NAG\DOCUMENTS\C++勉強\PROCON\PROCON\RELEASE\IMAGE.OBJ
C:\USERS\A_NAG\DOCUMENTS\C++勉強\PROCON\PROCON\RELEASE\FILE.OBJ
C:\USERS\A_NAG\DOCUMENTS\C++勉強\PROCON\PROCON\RELEASE\VC110.PDB
C:\Users\a_nag\Documents\C++勉強\Procon\Procon\Release\DynamicObject.obj
C:\Users\a_nag\Documents\C++勉強\Procon\Procon\Release\File.obj
C:\Users\a_nag\Documents\C++勉強\Procon\Procon\Release\GrandParent.obj
C:\Users\a_nag\Documents\C++勉強\Procon\Procon\Release\Image.obj
C:\Users\a_nag\Documents\C++勉強\Procon\Procon\Release\main.obj
C:\Users\a_nag\Documents\C++勉強\Procon\Procon\Release\SMain.obj
C:\Users\a_nag\Documents\C++勉強\Procon\Procon\Release\StaticObject.obj
C:\Users\a_nag\Documents\C++勉強\Procon\Procon\Release\Title.obj
C:\Users\a_nag\Documents\C++勉強\Procon\Procon\Release\cl.command.1.tlog
C:\Users\a_nag\Documents\C++勉強\Procon\Procon\Release\CL.read.1.tlog
C:\Users\a_nag\Documents\C++勉強\Procon\Procon\Release\CL.write.1.tlog
C:\Users\a_nag\Documents\C++勉強\Procon\Procon\Release\link.command.1.tlog
C:\Users\a_nag\Documents\C++勉強\Procon\Procon\Release\link.read.1.tlog
C:\Users\a_nag\Documents\C++勉強\Procon\Procon\Release\link.write.1.tlog
C:\Users\a_nag\Documents\C++勉強\Procon\Procon\Release\vc110.pdb
C:\Users\a_nag\Documents\C++勉強\Procon\Procon\Release\vc141.pdb
